{
  "RSpec": {
    "coverage": {
      "/Users/josephoconor/flatiron/simple-decks/rails-app/app/models/presentation.rb": [
        null,
        null,
        null,
        null,
        null,
        null,
        null,
        null,
        null,
        null,
        null,
        1,
        null,
        1,
        null,
        1,
        4,
        4,
        null,
        4,
        4,
        6,
        null,
        null,
        4,
        null,
        null,
        null,
        null
      ]
    },
    "timestamp": 1387236904
  }
}
